Added Component: Designator=S1(pushbutton)
Added Component: Designator=S2(pushbutton)
Added Component: Designator=S3(pushbutton)
Added Component: Designator=S4(pushbutton)
Added Component: Designator=Switch Kanan(HDR1X4)
Added Component: Designator=Switch Kiri(HDR1X4)
Added Component: Designator=Switch(HDR1X4)
Added Pin To Net: NetName=GND Pin=S1-2
Added Pin To Net: NetName=GND Pin=S1-2
Added Pin To Net: NetName=GND Pin=S2-2
Added Pin To Net: NetName=GND Pin=S2-2
Added Pin To Net: NetName=GND Pin=S3-2
Added Pin To Net: NetName=GND Pin=S3-2
Added Pin To Net: NetName=GND Pin=S4-2
Added Pin To Net: NetName=GND Pin=S4-2
Added Net: Name=GND
Added Pin To Net: NetName=NetS1_1 Pin=S1-1
Added Pin To Net: NetName=NetS1_1 Pin=S1-1
Added Pin To Net: NetName=NetS1_1 Pin=Switch-1
Added Net: Name=NetS1_1
Added Pin To Net: NetName=NetS2_1 Pin=S2-1
Added Pin To Net: NetName=NetS2_1 Pin=S2-1
Added Pin To Net: NetName=NetS2_1 Pin=Switch-2
Added Net: Name=NetS2_1
Added Pin To Net: NetName=NetS3_1 Pin=S3-1
Added Pin To Net: NetName=NetS3_1 Pin=S3-1
Added Pin To Net: NetName=NetS3_1 Pin=Switch-3
Added Net: Name=NetS3_1
Added Pin To Net: NetName=NetS4_1 Pin=S4-1
Added Pin To Net: NetName=NetS4_1 Pin=S4-1
Added Pin To Net: NetName=NetS4_1 Pin=Switch-4
Added Net: Name=NetS4_1
Added Class: Name=Switch
Added Room: Name=Switch
