Added Component: Designator=7805(78XX/79XX)
Added Component: Designator=7809(78XX/79XX)
Added Component: Designator=A1(HDR1X8)
Added Component: Designator=ADC1(HDR1X3)
Added Component: Designator=ADC2(HDR1X3)
Added Component: Designator=A(HDR1X8)
Added Component: Designator=B1(HDR1X6)
Added Component: Designator=B(HDR1X6)
Added Component: Designator=C1(HDR1X8)
Added Component: Designator=C2(cap 1uF/50V)
Added Component: Designator=C12(cap 1uF/50V)
Added Component: Designator=C251(cap 1uF/50V)
Added Component: Designator=C351(cap 1uF/50V)
Added Component: Designator=CAP2(cap 10uF/16V)
Added Component: Designator=CAP(cap 10uF/16V)
Added Component: Designator=CN7.2(HDR2X19)
Added Component: Designator=CN7(HDR2X19)
Added Component: Designator=CN10.2(HDR2X19)
Added Component: Designator=CN10(HDR2X19)
Added Component: Designator=C(HDR1X8)
Added Component: Designator=D1(HDR1X10)
Added Component: Designator=D_Joystik(D Zener)
Added Component: Designator=DIODE2(D Zener)
Added Component: Designator=DIODE(D Zener)
Added Component: Designator=D(HDR1X10)
Added Component: Designator=F1(AXIAL-0.8)
Added Component: Designator=F(AXIAL-0.8)
Added Component: Designator=LED Pow5(LED sedang)
Added Component: Designator=LED Pow9(LED sedang)
Added Component: Designator=Motor1(HDR2X5)
Added Component: Designator=Motor2(HDR2X5)
Added Component: Designator=Motor3(HDR2X5)
Added Component: Designator=Motor4(HDR2X5)
Added Component: Designator=P_5V(HDR2X5)
Added Component: Designator=Pneumatik(HDR2X5)
Added Component: Designator=Reset1(pushbutton)
Added Component: Designator=Reset2(pushbutton)
Added Component: Designator=RLED2(AXIAL-0.3)
Added Component: Designator=RLED(AXIAL-0.3)
Added Component: Designator=Servo1(HDR1X3)
Added Component: Designator=Servo2(HDR1X3)
Added Component: Designator=Terminal 8 kaki 1(TERMINAL 8 KAKI)
Added Component: Designator=USART2(HDR2X5)
Added Pin To Net: NetName=3.3V Pin=A1-4
Added Pin To Net: NetName=3.3V Pin=A-4
Added Pin To Net: NetName=3.3V Pin=CN7-5
Added Pin To Net: NetName=3.3V Pin=CN7.2-5
Added Net: Name=3.3V
Added Pin To Net: NetName=3V3 Pin=CN7-16
Added Pin To Net: NetName=3V3 Pin=CN7.2-16
Added Net: Name=3V3
Added Pin To Net: NetName=5V Pin=CN7-18
Added Pin To Net: NetName=5V Pin=CN7.2-18
Added Net: Name=5V
Added Pin To Net: NetName=A4 - SDA Pin=D1-2
Added Pin To Net: NetName=A4 - SDA Pin=D-2
Added Net: Name=A4 - SDA
Added Pin To Net: NetName=A5 SCL Pin=D1-1
Added Pin To Net: NetName=A5 SCL Pin=D-1
Added Net: Name=A5 SCL
Added Pin To Net: NetName=AGND Pin=CN10-32
Added Pin To Net: NetName=AGND Pin=CN10.2-32
Added Net: Name=AGND
Added Pin To Net: NetName=ANALOG0 Pin=B1-1
Added Pin To Net: NetName=ANALOG0 Pin=B-1
Added Net: Name=ANALOG0
Added Pin To Net: NetName=ANALOG1 Pin=B1-2
Added Pin To Net: NetName=ANALOG1 Pin=B-2
Added Net: Name=ANALOG1
Added Pin To Net: NetName=ANALOG2 Pin=B1-3
Added Pin To Net: NetName=ANALOG2 Pin=B-3
Added Net: Name=ANALOG2
Added Pin To Net: NetName=ANALOG3 Pin=B1-4
Added Pin To Net: NetName=ANALOG3 Pin=B-4
Added Net: Name=ANALOG3
Added Pin To Net: NetName=ANALOG4 - SDA Pin=B1-5
Added Pin To Net: NetName=ANALOG4 - SDA Pin=B-5
Added Net: Name=ANALOG4 - SDA
Added Pin To Net: NetName=ANALOG5 - SCL Pin=B1-6
Added Pin To Net: NetName=ANALOG5 - SCL Pin=B-6
Added Net: Name=ANALOG5 - SCL
Added Pin To Net: NetName=AREF Pin=D1-3
Added Pin To Net: NetName=AREF Pin=D-3
Added Net: Name=AREF
Added Pin To Net: NetName=AVDD Pin=CN10-7
Added Pin To Net: NetName=AVDD Pin=CN10.2-7
Added Net: Name=AVDD
Added Pin To Net: NetName=BOOT0 Pin=CN7-7
Added Pin To Net: NetName=BOOT0 Pin=CN7.2-7
Added Net: Name=BOOT0
Added Pin To Net: NetName=E5V Pin=CN7-6
Added Pin To Net: NetName=E5V Pin=CN7.2-6
Added Net: Name=E5V
Added Pin To Net: NetName=FUSE1 Pin=F-1
Added Pin To Net: NetName=FUSE1 Pin=Terminal 8 kaki 1-1
Added Net: Name=FUSE1
Added Pin To Net: NetName=FUSE2 Pin=F1-1
Added Pin To Net: NetName=FUSE2 Pin=Terminal 8 kaki 1-4
Added Net: Name=FUSE2
Added Pin To Net: NetName=GND Pin=7805-2
Added Pin To Net: NetName=GND Pin=7809-2
Added Pin To Net: NetName=GND Pin=A1-6
Added Pin To Net: NetName=GND Pin=A1-7
Added Pin To Net: NetName=GND Pin=A-6
Added Pin To Net: NetName=GND Pin=A-7
Added Pin To Net: NetName=GND Pin=ADC1-3
Added Pin To Net: NetName=GND Pin=ADC2-3
Added Pin To Net: NetName=GND Pin=C2-2
Added Pin To Net: NetName=GND Pin=C12-2
Added Pin To Net: NetName=GND Pin=C251-2
Added Pin To Net: NetName=GND Pin=C351-2
Added Pin To Net: NetName=GND Pin=CAP2-2
Added Pin To Net: NetName=GND Pin=CAP-2
Added Pin To Net: NetName=GND Pin=CN7-8
Added Pin To Net: NetName=GND Pin=CN7-19
Added Pin To Net: NetName=GND Pin=CN7-20
Added Pin To Net: NetName=GND Pin=CN7-22
Added Pin To Net: NetName=GND Pin=CN7.2-8
Added Pin To Net: NetName=GND Pin=CN7.2-19
Added Pin To Net: NetName=GND Pin=CN7.2-20
Added Pin To Net: NetName=GND Pin=CN7.2-22
Added Pin To Net: NetName=GND Pin=CN10-9
Added Pin To Net: NetName=GND Pin=CN10-20
Added Pin To Net: NetName=GND Pin=CN10.2-9
Added Pin To Net: NetName=GND Pin=CN10.2-20
Added Pin To Net: NetName=GND Pin=D1-4
Added Pin To Net: NetName=GND Pin=D-4
Added Pin To Net: NetName=GND Pin=DIODE2-1
Added Pin To Net: NetName=GND Pin=DIODE-1
Added Pin To Net: NetName=GND Pin=LED Pow5-2
Added Pin To Net: NetName=GND Pin=LED Pow9-2
Added Pin To Net: NetName=GND Pin=Motor1-10
Added Pin To Net: NetName=GND Pin=Motor2-10
Added Pin To Net: NetName=GND Pin=Motor3-10
Added Pin To Net: NetName=GND Pin=Motor4-10
Added Pin To Net: NetName=GND Pin=P_5V-1
Added Pin To Net: NetName=GND Pin=P_5V-3
Added Pin To Net: NetName=GND Pin=P_5V-5
Added Pin To Net: NetName=GND Pin=P_5V-7
Added Pin To Net: NetName=GND Pin=P_5V-9
Added Pin To Net: NetName=GND Pin=Pneumatik-10
Added Pin To Net: NetName=GND Pin=Reset1-2
Added Pin To Net: NetName=GND Pin=Reset1-2
Added Pin To Net: NetName=GND Pin=Reset2-2
Added Pin To Net: NetName=GND Pin=Reset2-2
Added Pin To Net: NetName=GND Pin=Servo1-3
Added Pin To Net: NetName=GND Pin=Servo2-3
Added Pin To Net: NetName=GND Pin=Terminal 8 kaki 1-2
Added Pin To Net: NetName=GND Pin=Terminal 8 kaki 1-5
Added Pin To Net: NetName=GND Pin=USART2-10
Added Net: Name=GND
Added Pin To Net: NetName=IO0 - RX Pin=C1-8
Added Pin To Net: NetName=IO0 - RX Pin=C-8
Added Net: Name=IO0 - RX
Added Pin To Net: NetName=IO1 - TX Pin=C1-7
Added Pin To Net: NetName=IO1 - TX Pin=C-7
Added Pin To Net: NetName=IO1 - TX Pin=D_Joystik-2
Added Net: Name=IO1 - TX
Added Pin To Net: NetName=IO2 - INT0 - PWM Pin=C1-6
Added Pin To Net: NetName=IO2 - INT0 - PWM Pin=C-6
Added Net: Name=IO2 - INT0 - PWM
Added Pin To Net: NetName=IO3 - INT1 - PWM Pin=C1-5
Added Pin To Net: NetName=IO3 - INT1 - PWM Pin=C-5
Added Net: Name=IO3 - INT1 - PWM
Added Pin To Net: NetName=IO4 Pin=C1-4
Added Pin To Net: NetName=IO4 Pin=C-4
Added Net: Name=IO4
Added Pin To Net: NetName=IO5 - PWM Pin=C1-3
Added Pin To Net: NetName=IO5 - PWM Pin=C-3
Added Net: Name=IO5 - PWM
Added Pin To Net: NetName=IO6 - PWM Pin=C1-2
Added Pin To Net: NetName=IO6 - PWM Pin=C-2
Added Net: Name=IO6 - PWM
Added Pin To Net: NetName=IO7 Pin=C1-1
Added Pin To Net: NetName=IO7 Pin=C-1
Added Net: Name=IO7
Added Pin To Net: NetName=IO8 Pin=D1-10
Added Pin To Net: NetName=IO8 Pin=D-10
Added Net: Name=IO8
Added Pin To Net: NetName=IO9 - PWM Pin=D1-9
Added Pin To Net: NetName=IO9 - PWM Pin=D-9
Added Net: Name=IO9 - PWM
Added Pin To Net: NetName=IO10 - PWM - SS Pin=D1-8
Added Pin To Net: NetName=IO10 - PWM - SS Pin=D-8
Added Net: Name=IO10 - PWM - SS
Added Pin To Net: NetName=IO11 - PWM - MOSI Pin=D1-7
Added Pin To Net: NetName=IO11 - PWM - MOSI Pin=D-7
Added Net: Name=IO11 - PWM - MOSI
Added Pin To Net: NetName=IO12 - PWM - MISO Pin=D1-6
Added Pin To Net: NetName=IO12 - PWM - MISO Pin=D-6
Added Net: Name=IO12 - PWM - MISO
Added Pin To Net: NetName=IO13 - SCK Pin=D1-5
Added Pin To Net: NetName=IO13 - SCK Pin=D-5
Added Net: Name=IO13 - SCK
Added Pin To Net: NetName=IOREF Pin=CN7-12
Added Pin To Net: NetName=IOREF Pin=CN7.2-12
Added Net: Name=IOREF
Added Pin To Net: NetName=NetLED Pow5_1 Pin=LED Pow5-1
Added Pin To Net: NetName=NetLED Pow5_1 Pin=RLED-1
Added Net: Name=NetLED Pow5_1
Added Pin To Net: NetName=NetLED Pow9_1 Pin=LED Pow9-1
Added Pin To Net: NetName=NetLED Pow9_1 Pin=RLED2-1
Added Net: Name=NetLED Pow9_1
Added Pin To Net: NetName=PA_0 Pin=CN7-28
Added Pin To Net: NetName=PA_0 Pin=CN7.2-28
Added Pin To Net: NetName=PA_0 Pin=Motor2-6
Added Net: Name=PA_0
Added Pin To Net: NetName=PA_1 Pin=CN7-30
Added Pin To Net: NetName=PA_1 Pin=CN7.2-30
Added Pin To Net: NetName=PA_1 Pin=Motor3-6
Added Net: Name=PA_1
Added Pin To Net: NetName=PA_2 Pin=CN10-35
Added Pin To Net: NetName=PA_2 Pin=CN10.2-35
Added Pin To Net: NetName=PA_2 Pin=USART2-1
Added Net: Name=PA_2
Added Pin To Net: NetName=PA_3 Pin=CN10-37
Added Pin To Net: NetName=PA_3 Pin=CN10.2-37
Added Pin To Net: NetName=PA_3 Pin=USART2-2
Added Net: Name=PA_3
Added Pin To Net: NetName=PA_4 Pin=ADC1-1
Added Pin To Net: NetName=PA_4 Pin=CN7-32
Added Pin To Net: NetName=PA_4 Pin=CN7.2-32
Added Net: Name=PA_4
Added Pin To Net: NetName=PA_5 Pin=CN10-11
Added Pin To Net: NetName=PA_5 Pin=CN10.2-11
Added Net: Name=PA_5
Added Pin To Net: NetName=PA_6 Pin=CN10-13
Added Pin To Net: NetName=PA_6 Pin=CN10.2-13
Added Net: Name=PA_6
Added Pin To Net: NetName=PA_7 Pin=CN10-15
Added Pin To Net: NetName=PA_7 Pin=CN10.2-15
Added Net: Name=PA_7
Added Pin To Net: NetName=PA_8 Pin=CN10-23
Added Pin To Net: NetName=PA_8 Pin=CN10.2-23
Added Net: Name=PA_8
Added Pin To Net: NetName=PA_9 Pin=CN10-21
Added Pin To Net: NetName=PA_9 Pin=CN10.2-21
Added Net: Name=PA_9
Added Pin To Net: NetName=PA_10 Pin=CN10-33
Added Pin To Net: NetName=PA_10 Pin=CN10.2-33
Added Net: Name=PA_10
Added Pin To Net: NetName=PA_11 Pin=CN10-14
Added Pin To Net: NetName=PA_11 Pin=CN10.2-14
Added Net: Name=PA_11
Added Pin To Net: NetName=PA_12 Pin=CN10-12
Added Pin To Net: NetName=PA_12 Pin=CN10.2-12
Added Pin To Net: NetName=PA_12 Pin=D_Joystik-1
Added Net: Name=PA_12
Added Pin To Net: NetName=PA_13 Pin=CN7-13
Added Pin To Net: NetName=PA_13 Pin=CN7.2-13
Added Pin To Net: NetName=PA_13 Pin=Motor1-1
Added Net: Name=PA_13
Added Pin To Net: NetName=PA_14 Pin=CN7-15
Added Pin To Net: NetName=PA_14 Pin=CN7.2-15
Added Pin To Net: NetName=PA_14 Pin=Motor1-2
Added Net: Name=PA_14
Added Pin To Net: NetName=PA_15 Pin=CN7-17
Added Pin To Net: NetName=PA_15 Pin=CN7.2-17
Added Pin To Net: NetName=PA_15 Pin=Motor1-6
Added Net: Name=PA_15
Added Pin To Net: NetName=PB_0 Pin=ADC2-1
Added Pin To Net: NetName=PB_0 Pin=CN7-34
Added Pin To Net: NetName=PB_0 Pin=CN7.2-34
Added Net: Name=PB_0
Added Pin To Net: NetName=PB_1 Pin=CN10-24
Added Pin To Net: NetName=PB_1 Pin=CN10.2-24
Added Net: Name=PB_1
Added Pin To Net: NetName=PB_2 Pin=CN10-22
Added Pin To Net: NetName=PB_2 Pin=CN10.2-22
Added Net: Name=PB_2
Added Pin To Net: NetName=PB_3 Pin=CN10-31
Added Pin To Net: NetName=PB_3 Pin=CN10.2-31
Added Net: Name=PB_3
Added Pin To Net: NetName=PB_4 Pin=CN10-27
Added Pin To Net: NetName=PB_4 Pin=CN10.2-27
Added Net: Name=PB_4
Added Pin To Net: NetName=PB_5 Pin=CN10-29
Added Pin To Net: NetName=PB_5 Pin=CN10.2-29
Added Net: Name=PB_5
Added Pin To Net: NetName=PB_6 Pin=CN10-17
Added Pin To Net: NetName=PB_6 Pin=CN10.2-17
Added Net: Name=PB_6
Added Pin To Net: NetName=PB_7 Pin=CN7-21
Added Pin To Net: NetName=PB_7 Pin=CN7.2-21
Added Net: Name=PB_7
Added Pin To Net: NetName=PB_8 Pin=CN10-3
Added Pin To Net: NetName=PB_8 Pin=CN10.2-3
Added Pin To Net: NetName=PB_8 Pin=Servo2-1
Added Net: Name=PB_8
Added Pin To Net: NetName=PB_9 Pin=CN10-5
Added Pin To Net: NetName=PB_9 Pin=CN10.2-5
Added Pin To Net: NetName=PB_9 Pin=Servo1-1
Added Net: Name=PB_9
Added Pin To Net: NetName=PB_10 Pin=CN10-25
Added Pin To Net: NetName=PB_10 Pin=CN10.2-25
Added Net: Name=PB_10
Added Pin To Net: NetName=PB_12 Pin=CN10-16
Added Pin To Net: NetName=PB_12 Pin=CN10.2-16
Added Net: Name=PB_12
Added Pin To Net: NetName=PB_13 Pin=CN10-30
Added Pin To Net: NetName=PB_13 Pin=CN10.2-30
Added Net: Name=PB_13
Added Pin To Net: NetName=PB_14 Pin=CN10-28
Added Pin To Net: NetName=PB_14 Pin=CN10.2-28
Added Net: Name=PB_14
Added Pin To Net: NetName=PB_15 Pin=CN10-26
Added Pin To Net: NetName=PB_15 Pin=CN10.2-26
Added Net: Name=PB_15
Added Pin To Net: NetName=PC_0 Pin=CN7-38
Added Pin To Net: NetName=PC_0 Pin=CN7.2-38
Added Net: Name=PC_0
Added Pin To Net: NetName=PC_1 Pin=CN7-36
Added Pin To Net: NetName=PC_1 Pin=CN7.2-36
Added Net: Name=PC_1
Added Pin To Net: NetName=PC_2 Pin=CN7-35
Added Pin To Net: NetName=PC_2 Pin=CN7.2-35
Added Net: Name=PC_2
Added Pin To Net: NetName=PC_3 Pin=CN7-37
Added Pin To Net: NetName=PC_3 Pin=CN7.2-37
Added Net: Name=PC_3
Added Pin To Net: NetName=PC_4 Pin=CN10-34
Added Pin To Net: NetName=PC_4 Pin=CN10.2-34
Added Net: Name=PC_4
Added Pin To Net: NetName=PC_5 Pin=CN10-6
Added Pin To Net: NetName=PC_5 Pin=CN10.2-6
Added Net: Name=PC_5
Added Pin To Net: NetName=PC_6 Pin=CN10-4
Added Pin To Net: NetName=PC_6 Pin=CN10.2-4
Added Pin To Net: NetName=PC_6 Pin=Motor4-6
Added Net: Name=PC_6
Added Pin To Net: NetName=PC_7 Pin=CN10-19
Added Pin To Net: NetName=PC_7 Pin=CN10.2-19
Added Net: Name=PC_7
Added Pin To Net: NetName=PC_8 Pin=CN10-2
Added Pin To Net: NetName=PC_8 Pin=CN10.2-2
Added Pin To Net: NetName=PC_8 Pin=Motor4-2
Added Net: Name=PC_8
Added Pin To Net: NetName=PC_9 Pin=CN10-1
Added Pin To Net: NetName=PC_9 Pin=CN10.2-1
Added Pin To Net: NetName=PC_9 Pin=Motor4-1
Added Net: Name=PC_9
Added Pin To Net: NetName=PC_10 Pin=CN7-1
Added Pin To Net: NetName=PC_10 Pin=CN7.2-1
Added Pin To Net: NetName=PC_10 Pin=Pneumatik-2
Added Net: Name=PC_10
Added Pin To Net: NetName=PC_11 Pin=CN7-2
Added Pin To Net: NetName=PC_11 Pin=CN7.2-2
Added Pin To Net: NetName=PC_11 Pin=Pneumatik-1
Added Net: Name=PC_11
Added Pin To Net: NetName=PC_12 Pin=CN7-3
Added Pin To Net: NetName=PC_12 Pin=CN7.2-3
Added Pin To Net: NetName=PC_12 Pin=Pneumatik-4
Added Net: Name=PC_12
Added Pin To Net: NetName=PC_13 Pin=CN7-23
Added Pin To Net: NetName=PC_13 Pin=CN7.2-23
Added Net: Name=PC_13
Added Pin To Net: NetName=PC_14 Pin=CN7-25
Added Pin To Net: NetName=PC_14 Pin=CN7.2-25
Added Pin To Net: NetName=PC_14 Pin=Motor2-1
Added Net: Name=PC_14
Added Pin To Net: NetName=PC_15 Pin=CN7-27
Added Pin To Net: NetName=PC_15 Pin=CN7.2-27
Added Pin To Net: NetName=PC_15 Pin=Motor2-2
Added Net: Name=PC_15
Added Pin To Net: NetName=PD_2 Pin=CN7-4
Added Pin To Net: NetName=PD_2 Pin=CN7.2-4
Added Pin To Net: NetName=PD_2 Pin=Pneumatik-3
Added Net: Name=PD_2
Added Pin To Net: NetName=PH_0 Pin=CN7-29
Added Pin To Net: NetName=PH_0 Pin=CN7.2-29
Added Pin To Net: NetName=PH_0 Pin=Motor3-2
Added Net: Name=PH_0
Added Pin To Net: NetName=PH_1 Pin=CN7-31
Added Pin To Net: NetName=PH_1 Pin=CN7.2-31
Added Pin To Net: NetName=PH_1 Pin=Motor3-1
Added Net: Name=PH_1
Added Pin To Net: NetName=RESET_ARD Pin=A1-3
Added Pin To Net: NetName=RESET_ARD Pin=A-3
Added Pin To Net: NetName=RESET_ARD Pin=Reset2-1
Added Pin To Net: NetName=RESET_ARD Pin=Reset2-1
Added Pin To Net: NetName=RESET_ARD Pin=Terminal 8 kaki 1-3
Added Net: Name=RESET_ARD
Added Pin To Net: NetName=RESET Pin=CN7-14
Added Pin To Net: NetName=RESET Pin=CN7.2-14
Added Pin To Net: NetName=RESET Pin=Reset1-1
Added Pin To Net: NetName=RESET Pin=Reset1-1
Added Pin To Net: NetName=RESET Pin=Terminal 8 kaki 1-6
Added Net: Name=RESET
Added Pin To Net: NetName=U5V Pin=CN10-8
Added Pin To Net: NetName=U5V Pin=CN10.2-8
Added Net: Name=U5V
Added Pin To Net: NetName=VBAT Pin=CN7-33
Added Pin To Net: NetName=VBAT Pin=CN7.2-33
Added Net: Name=VBAT
Added Pin To Net: NetName=VCC2 Pin=A1-2
Added Pin To Net: NetName=VCC2 Pin=A1-5
Added Pin To Net: NetName=VCC2 Pin=A-2
Added Pin To Net: NetName=VCC2 Pin=A-5
Added Net: Name=VCC2
Added Pin To Net: NetName=VCC Pin=7805-3
Added Pin To Net: NetName=VCC Pin=ADC1-2
Added Pin To Net: NetName=VCC Pin=ADC2-2
Added Pin To Net: NetName=VCC Pin=C12-1
Added Pin To Net: NetName=VCC Pin=Motor1-9
Added Pin To Net: NetName=VCC Pin=Motor2-9
Added Pin To Net: NetName=VCC Pin=Motor3-9
Added Pin To Net: NetName=VCC Pin=Motor4-9
Added Pin To Net: NetName=VCC Pin=P_5V-2
Added Pin To Net: NetName=VCC Pin=P_5V-4
Added Pin To Net: NetName=VCC Pin=P_5V-6
Added Pin To Net: NetName=VCC Pin=P_5V-8
Added Pin To Net: NetName=VCC Pin=P_5V-10
Added Pin To Net: NetName=VCC Pin=Pneumatik-9
Added Pin To Net: NetName=VCC Pin=RLED-2
Added Pin To Net: NetName=VCC Pin=Servo1-2
Added Pin To Net: NetName=VCC Pin=Servo2-2
Added Pin To Net: NetName=VCC Pin=Terminal 8 kaki 1-7
Added Net: Name=VCC
Added Pin To Net: NetName=VIN2 Pin=A1-8
Added Pin To Net: NetName=VIN2 Pin=A-8
Added Pin To Net: NetName=VIN2 Pin=CAP-1
Added Pin To Net: NetName=VIN2 Pin=DIODE-2
Added Pin To Net: NetName=VIN2 Pin=F-2
Added Net: Name=VIN2
Added Pin To Net: NetName=VIN12 Pin=7805-1
Added Pin To Net: NetName=VIN12 Pin=7809-1
Added Pin To Net: NetName=VIN12 Pin=C2-1
Added Pin To Net: NetName=VIN12 Pin=C251-1
Added Pin To Net: NetName=VIN12 Pin=CAP2-1
Added Pin To Net: NetName=VIN12 Pin=DIODE2-2
Added Pin To Net: NetName=VIN12 Pin=F1-2
Added Net: Name=VIN12
Added Pin To Net: NetName=VIN Pin=7809-3
Added Pin To Net: NetName=VIN Pin=C351-1
Added Pin To Net: NetName=VIN Pin=CN7-24
Added Pin To Net: NetName=VIN Pin=CN7.2-24
Added Pin To Net: NetName=VIN Pin=RLED2-2
Added Pin To Net: NetName=VIN Pin=Terminal 8 kaki 1-8
Added Net: Name=VIN
Added Class: Name=Main Board
